<?xml version="1.0" encoding="UTF-8"?>
<!-- Generated by org.testng.reporters.JUnitXMLReporter -->
<testsuite ignored="0" hostname="AIPL-PUN-LT166" failures="0" tests="4" name="Default test" time="5.293" errors="0" timestamp="08 Jan 2020 14:36:53 GMT">
  <testcase classname="com.altimetrik.RussianIP.mainTestClass.CreateEmployee" name="postEmployee" time="2.13"/>
  <testcase classname="com.altimetrik.RussianIP.mainTestClass.CreateEmployee" name="postEmployeeWithDupRecord" time="0.918"/>
  <testcase classname="com.altimetrik.RussianIP.mainTestClass.CreateEmployee" name="getEmployeeDetailsByValidId" time="1.023"/>
  <testcase classname="com.altimetrik.RussianIP.mainTestClass.CreateEmployee" name="DeleteEmployee" time="0.872"/>
</testsuite> <!-- Default test -->
