<?xml version="1.0" encoding="UTF-8"?>
<!-- Generated by org.testng.reporters.JUnitXMLReporter -->
<testsuite ignored="0" hostname="AIPL-PUN-LT166" failures="1" tests="4" name="RussianIP" time="5.602" errors="0" timestamp="08 Jan 2020 13:50:01 GMT">
  <testcase classname="com.altimetrik.RussianIP.mainTestClass.CreateEmployee" name="postEmployee" time="2.688">
    <failure type="groovy.lang.GroovyRuntimeException" message="org.xml.sax.SAXParseException; lineNumber: 1; columnNumber: 1; Content is not allowed in prolog.">
      <![CDATA[groovy.lang.GroovyRuntimeException: org.xml.sax.SAXParseException; lineNumber: 1; columnNumber: 1; Content is not allowed in prolog.
at groovy.xml.XmlUtil.serialize(XmlUtil.java:464)
at groovy.xml.XmlUtil.serialize(XmlUtil.java:450)
at groovy.xml.XmlUtil.serialize(XmlUtil.java:192)
at groovy.xml.XmlUtil.serialize(XmlUtil.java:161)
at groovy.xml.XmlUtil$serialize.call(Unknown Source)
at org.codehaus.groovy.runtime.callsite.CallSiteArray.defaultCall(CallSiteArray.java:47)
at org.codehaus.groovy.runtime.callsite.AbstractCallSite.call(AbstractCallSite.java:115)
at org.codehaus.groovy.runtime.callsite.AbstractCallSite.call(AbstractCallSite.java:127)
at com.jayway.restassured.internal.path.xml.GroovyNodeSerializer.toXML(GroovyNodeSerializer.groovy:25)
at com.jayway.restassured.path.xml.XmlPath.getObjectAsType(XmlPath.java:410)
at com.jayway.restassured.path.xml.XmlPath.convertObjectTo(XmlPath.java:911)
at com.jayway.restassured.path.xml.XmlPath.getInt(XmlPath.java:446)
at com.altimetrik.RussianIP.mainTestClass.CreateEmployee.postEmployee(CreateEmployee.java:28)
... Removed 25 stack frames]]>
    </failure>
  </testcase> <!-- postEmployee -->
  <testcase classname="com.altimetrik.RussianIP.mainTestClass.CreateEmployee" name="postEmployeeWithDupRecord" time="0.933"/>
  <testcase classname="com.altimetrik.RussianIP.mainTestClass.CreateEmployee" name="getEmployeeDetailsByValidId" time="0.883"/>
  <testcase classname="com.altimetrik.RussianIP.mainTestClass.CreateEmployee" name="DeleteEmployee" time="0.773"/>
</testsuite> <!-- RussianIP -->
